<?xml version="1.0" encoding="UTF-8"?>
<!-- Generated by org.testng.reporters.JUnitReportReporter -->
<testsuite skipped="0" hostname="MazeedL003" name="testscript.TestAutomation" tests="1" failures="0" timestamp="23 Oct 2019 15:04:47 GMT" time="5.872" errors="0">
  <testcase name="testAutomation" time="5.872" classname="testscript.TestAutomation"/>
</testsuite> <!-- testscript.TestAutomation -->
