<?xml version="1.0" encoding="UTF-8"?>
<!-- Generated by org.testng.reporters.JUnitReportReporter -->
<testsuite skipped="0" hostname="MazeedL003" name="testscript.UserRegistrationTestWithDDT" tests="2" failures="0" timestamp="22 Oct 2019 10:42:59 GMT" time="11.513" errors="0">
  <testcase name="UserRegistrationSucessfully" time="5.521" classname="testscript.UserRegistrationTestWithDDT"/>
  <testcase name="UserRegistrationSucessfully" time="5.992" classname="testscript.UserRegistrationTestWithDDT"/>
</testsuite> <!-- testscript.UserRegistrationTestWithDDT -->
