<?xml version="1.0" encoding="UTF-8"?>
<!-- Generated by org.testng.reporters.JUnitReportReporter -->
<testsuite skipped="0" hostname="MazeedL003" name="testscript.SearchTest" tests="2" failures="0" timestamp="23 Oct 2019 13:53:42 GMT" time="4.077" errors="0">
  <testcase name="SearchForProduct" time="2.134" classname="testscript.SearchTest"/>
  <testcase name="SearchForProduct" time="1.943" classname="testscript.SearchTest"/>
</testsuite> <!-- testscript.SearchTest -->
