<?xml version="1.0" encoding="UTF-8"?>
<!-- Generated by org.testng.reporters.JUnitReportReporter -->
<testsuite skipped="0" hostname="MazeedL003" name="testscript.UserRegistrationTestWithDDTAndDataProvider" tests="2" failures="0" timestamp="22 Oct 2019 14:52:35 GMT" time="14.567" errors="0">
  <testcase name="UserRegistrationSucessfully" time="8.326" classname="testscript.UserRegistrationTestWithDDTAndDataProvider"/>
  <testcase name="UserRegistrationSucessfully" time="6.241" classname="testscript.UserRegistrationTestWithDDTAndDataProvider"/>
</testsuite> <!-- testscript.UserRegistrationTestWithDDTAndDataProvider -->
